R1	0.00
R1	0.00
R1	0.06
R1	0.16
R1	0.05
R2	0.27
R1	0.07
R2	0.06
R1	0.12
R1	0.15
R1	0.19
R1	0.24
R1	0.27
R1	1.00
R1	1.00
R1	0.00
R1	0.00
R1	0.01
R1	0.04
R1	0.05
R1	0.09
R1	0.16
R2	0.15
R1	0.28
R1	0.01
R1	0.16
R1	0.16
R3	0.16
R2	0.17
R1	0.19
R1	0.22
R2	0.18
R3	0.32
R1	1.00
R1	0.06
R2	0.03
R2	0.07
R1	0.04
R1	0.06
R1	0.16
R1	0.16
R1	0.09
R1	0.17
R1	0.01
R1	0.07
R2	0.08
R3	0.14
R1	0.10
R2	0.08
R1	0.10
R1	0.10
R2	0.11
R1	0.11
R1	0.17
R1	0.21
R1	0.00
R1	0.02
R1	0.02
R1	0.04
R2	0.07
R1	0.07
R1	0.07
R1	0.09
R2	0.14
R3	0.14
R4	0.16
R1	0.17
R5	0.15
R1	0.23
R1	0.16
R1	0.03
R1	0.03
R1	0.05
R1	0.10
R2	0.11
R1	0.16
R2	0.14
R3	0.11
R1	0.11
R1	0.15
R2	0.17
R1	0.18
R1	0.09
R1	1.00
R1	1.00
R1	1.00
R1	1.00
R1	0.00
R1	0.04
R1	0.03
R1	0.05
R1	0.10
R1	0.02
R1	0.06
R1	0.11
R1	0.19
R3	0.20
R2	0.21
R1	0.20
R1	0.23
R1	0.21
R4	0.30
R2	0.30
R5	0.32
R3	0.32
R6	0.30
R1	0.33
R1	1.00
R1	1.00
R1	1.00
R1	1.00
R1	1.00
R1	1.00
R1	1.00
R1	1.00
R1	0.11
R1	0.04
R1	0.06
R2	0.25
R1	0.23
R1	1.00
R1	1.00
R1	1.00
R1	0.00
R1	0.02
R1	0.00
R1	0.08
R1	0.13
R1	0.43
R1	0.01
R1	0.04
R1	0.12
R1	0.22
R1	0.09
R1	1.00
R1	1.00
R1	1.00
R1	0.00
R1	0.01
R1	0.03
R1	0.09
R2	0.38
R1	0.10
R1	0.14
R2	0.17
R1	0.19
R1	0.00
R1	0.04
R1	0.04
R1	0.06
R1	0.09
R2	0.09
R1	0.16
R2	0.13
R1	0.09
R1	1.00
R1	1.00
R1	0.00
R1	0.05
R1	0.10
R2	0.15
R3	0.13
R4	0.16
R1	0.11
R1	0.17
R2	0.22
R1	0.22
R1	0.00
R1	0.06
R1	0.07
R1	0.10
R1	1.00
R1	0.01
R1	0.01
R2	0.03
R1	0.07
R1	0.08
R1	0.08
R1	0.15
R2	0.16
R1	0.17
R3	0.18
R4	0.17
R2	0.19
R1	0.00
R1	0.01
R1	0.06
R1	0.07
R1	0.11
R1	0.00
R1	0.08
R1	1.00
R1	0.05
R1	0.05
R1	0.12
R1	0.21
R1	0.01
R1	0.07
R1	0.18
R1	0.17
R2	0.20
R5	0.36
R6	0.43
R4	0.43
R1	0.42
R3	0.50
R1	0.24
R1	0.21
R1	0.26
R1	0.43
R1	0.46
R1	1.00
R1	1.00
R1	0.02
R1	0.04
R1	0.11
R1	0.13
R1	0.16
R2	0.09
R4	0.09
R3	0.08
R1	0.08
R1	0.21
R1	0.23
R1	0.42
R2	0.03
R1	1.00
R1	0.00
R1	0.11
R1	0.11
R1	0.05
R1	0.11
R1	0.11
R1	0.17
R1	0.17
R1	0.81
R1	0.00
R1	0.03
R1	0.50
R1	1.00
R1	1.00
R1	0.02
R1	0.04
R1	0.05
R1	0.05
R1	0.06
R1	0.08
R1	0.11
R1	0.17
R1	0.06
R1	0.11
R1	0.11
R2	0.13
R1	0.13
R1	0.14
R1	0.15
R1	0.21
R1	0.10
R1	1.00
R1	1.00
R1	1.00
R1	0.00
R1	0.03
R1	0.12
R1	0.15
R1	0.25
R4	0.27
R2	0.30
R3	0.33
R1	0.36
R1	0.07
R1	0.08
R1	0.09
R1	0.09
R3	0.20
R1	0.20
R2	0.21
R1	0.27
R1	1.00
R1	1.00
R1	1.00
R1	0.04
R1	0.05
R1	0.05
R1	0.10
R1	0.11
R1	0.11
R2	0.14
R1	0.20
R1	0.05
R1	0.09
R2	0.09
R1	0.09
R1	0.10
R1	0.00
R1	0.17
R1	0.07
R1	0.09
R1	0.20
R1	1.00
R1	1.00
R1	1.00
R1	0.00
R3	0.07
R1	0.06
R2	0.07
R1	0.00
R1	0.01
R1	0.02
R1	0.06
R2	0.05
R1	0.04
R1	0.16
R1	0.07
R1	0.15
R1	1.00
R1	1.00
R1	1.00
R1	1.00
R1	0.12
R1	0.01
R1	0.04
R1	0.16
R2	0.29
R3	0.40
R1	0.18
R1	0.21
R1	0.34
R1	0.33
R1	0.29
R1	1.00
R1	1.00
R1	0.00
R1	0.07
R1	0.09
R1	0.11
R1	0.16
R1	0.29
R2	0.29
R3	0.33
R1	0.28
R1	0.36
R1	0.00
R1	0.05
R1	0.08
R1	0.09
R1	0.10
R1	0.12
R1	0.14
R1	0.23
R1	1.00
R1	1.00
R1	1.00
R1	1.00
R1	1.00
R1	1.00
R1	0.00
R1	0.02
R1	0.05
R1	0.05
R1	0.09
R1	0.10
R1	0.01
R1	0.06
R1	0.06
R1	0.14
R2	0.14
R3	0.17
R1	0.13
R1	0.17
R1	0.15
R1	0.44
R1	1.00
R1	1.00
R1	1.00
R1	1.00
R1	1.00
R1	1.00
R1	0.09
R1	0.20
R1	0.02
R2	0.10
R1	0.14
R3	0.16
R4	0.17
R2	0.17
R1	0.17
R1	0.16
R2	0.17
R3	0.18
R1	0.24
R2	0.19
R1	0.22
R1	0.40
R1	0.28
R1	0.00
R1	0.03
R1	0.71
R1	1.00
R1	1.00
R1	1.00
R1	1.00
R1	1.00
R1	1.00
R1	1.00
R1	0.03
R1	0.08
R1	0.13
R1	0.18
R1	0.10
R1	0.25
R1	0.00
R1	0.14
R2	0.17
R1	0.18
R2	0.20
R1	0.21
R1	0.11
R1	1.00
R1	1.00
R1	1.00
R1	1.00
R1	1.00
R1	1.00
R1	1.00
R1	1.00
R1	1.00
R1	0.05
R1	0.05
R1	0.11
R1	0.31
R2	0.13
R1	0.20
R1	0.22
R2	0.23
R2	0.27
R1	0.29
R1	0.01
R1	0.03
R1	0.10
R1	0.16
R1	0.18
R1	0.35
R1	0.28
R1	0.41
R1	0.13
R1	1.00
R1	1.00
R1	1.00
R1	1.00
R1	1.00
R1	0.01
R1	0.05
R1	0.19
R2	0.09
R1	0.10
R2	0.11
R1	0.12
R1	0.33
R1	0.06
R2	0.07
R1	0.06
R1	0.09
R5	0.13
R4	0.10
R2	0.10
R3	0.12
R1	0.13
R1	0.20
R1	0.00
R1	0.16
R1	1.00
R1	1.00
R1	0.14
R1	1.00
R1	0.00
R1	0.12
R2	0.04
R1	0.06
R1	0.11
R1	0.17
R1	0.21
R1	0.46
R1	0.38
R1	0.00
R1	0.08
R1	0.09
R1	0.18
R1	0.29
R1	0.32
R1	0.16
R1	1.00
R1	0.04
R1	0.13
R2	0.18
R1	0.14
R1	0.20
R1	0.00
R1	0.03
R1	0.04
R1	0.04
R1	0.11
R2	0.12
R1	0.12
R4	0.12
R3	0.12
R5	0.60
R2	0.12
R1	0.14
R1	0.13
R1	0.33
R3	0.34
R2	0.34
R1	0.06
R1	0.41
R1	0.13
R1	1.00
R1	1.00
R1	1.00
R1	1.00
R1	1.00
R1	0.00
R1	0.00
R1	0.04
R1	0.08
R1	0.10
R1	0.11
R1	0.11
R1	0.12
R1	0.16
R3	0.25
R4	0.24
R5	0.25
R2	0.25
R1	0.24
R1	0.06
R1	0.17
R1	0.21
R1	1.00
R1	1.00
R1	1.00
R1	1.00
R1	0.00
R1	0.00
R1	0.07
R1	0.07
R1	0.10
R1	0.03
R1	0.03
R1	0.04
R2	0.25
R1	0.19
R4	0.23
R3	0.16
R5	0.13
R6	0.38
R1	0.01
R2	0.09
R3	0.49
R1	1.00
R1	1.00
R1	1.00
R1	0.05
R1	0.11
R1	0.13
R1	0.31
R1	0.00
R1	0.22
R1	0.21
R1	1.00
R1	1.00
R1	1.00
R1	0.09
R1	0.19
R1	0.78
R1	0.00
R1	0.07
R2	0.21
R1	0.19
R1	0.45
R1	0.25
R1	0.07
R1	0.23
R1	1.00
R1	1.00
R1	1.00
R1	1.00
R1	0.00
R1	0.01
R1	0.01
R1	0.02
R1	0.02
R1	0.03
R1	0.09
R1	0.25
R1	0.05
R1	0.08
R4	0.11
R2	0.12
R3	0.13
R1	0.24
R1	0.13
R1	0.15
R1	0.21
R1	1.00
R1	1.00
R1	1.00
R1	1.00
R1	1.00
R1	0.00
R1	0.04
R1	0.05
R1	0.25
R1	0.33
R1	0.06
R1	0.06
R1	0.08
R1	0.09
R1	0.10
R1	0.11
R1	0.07
R1	0.01
R1	1.00
R1	1.00
R1	1.00
R1	0.04
R1	0.14
R1	0.18
R2	0.17
R1	0.09
R1	1.00
R1	1.00
R1	1.00
R1	0.04
R1	0.08
R1	0.08
R1	0.05
R2	0.40
R1	0.05
R1	0.06
R1	0.09
R3	0.11
R2	0.13
R1	0.13
R1	0.15
R1	0.15
R1	0.17
R1	1.00
R1	0.00
R1	0.00
R1	0.07
R1	0.16
R4	0.13
R3	0.14
R6	0.29
R2	0.15
R5	0.30
R1	0.16
R1	0.00
R1	0.00
R3	0.15
R1	0.07
R2	0.18
R1	0.08
R2	0.10
R1	0.10
R1	0.10
R1	0.10
R1	0.21
R1	0.23
R1	0.36
R1	0.46
R1	0.22
R1	0.41
R1	1.00
R1	1.00
R1	1.00
R1	1.00
R1	1.00
R1	1.00
R1	1.00
R2	0.21
R1	0.00
R1	0.07
R1	0.08
R1	0.18
R1	0.15
R1	0.19
R1	0.27
R1	0.00
R1	0.08
R2	0.15
R1	0.16
R1	0.13
R1	0.26
R1	0.11
R1	1.00
R1	0.01
R1	0.01
R1	0.02
R1	0.03
R1	0.04
R1	0.08
R1	0.05
R1	0.06
R1	0.08
R2	0.09
R1	0.18
R3	0.42
R1	0.05
R1	0.22
R1	1.00
R1	0.02
R1	0.04
R1	0.08
R1	0.15
R1	0.20
R2	0.25
R1	0.21
R1	0.00
R1	0.02
R1	0.03
R1	0.03
R1	0.04
R1	0.04
R1	0.07
R1	0.11
R1	0.15
R2	0.18
R1	0.16
R1	0.19
R2	0.24
R1	0.24
R1	0.25
R1	1.00
R1	1.00
R1	0.00
R1	0.08
R1	0.10
R1	0.11
R1	0.11
R1	0.20
R2	0.15
R1	0.17
R1	0.19
R1	0.23
R1	0.44
R1	0.01
R1	0.02
R2	0.02
R1	0.02
R1	0.04
R1	0.15
R1	0.36
R1	0.36
R1	0.36
R1	0.25
R1	0.19
R1	1.00
R1	0.00
R1	0.04
R1	0.05
R1	0.11
R1	0.21
R1	0.23
R1	0.21
R1	0.31
R1	0.24
R1	0.51
R1	0.01
R1	0.08
R1	0.13
R1	0.15
R1	0.17
R1	0.19
R1	0.16
R1	0.14
R1	0.51
R1	0.49
R1	1.00
R1	0.00
R1	0.07
R2	0.07
R1	0.08
R1	0.10
R1	0.12
R1	0.22
R3	0.16
R2	0.17
R2	0.20
R3	0.37
R1	0.33
R1	0.22
R1	0.27
R1	0.00
R2	0.01
R1	0.16
R3	0.08
R2	0.04
R1	0.33
R1	0.11
R1	0.13
R1	0.16
R2	0.22
R1	0.24
R3	0.24
R1	1.00
R1	0.00
R1	0.01
R1	0.03
R1	0.03
R2	0.08
R1	0.07
R1	0.08
R1	0.09
R2	0.17
R1	0.12
R1	0.13
R1	0.14
R1	0.18
R1	0.00
R1	0.36
R1	0.02
R1	0.02
R1	0.09
R1	0.14
R1	0.13
R1	0.33
R1	0.02
R1	0.13
R1	0.15
R1	0.43
R1	0.00
R1	0.10
R3	0.14
R1	0.13
R2	0.12
R1	0.13
R1	0.44
R1	0.15
R1	0.03
R1	0.03
R1	0.06
R2	0.10
R1	0.15
R1	0.18
R2	0.16
R1	0.21
R1	0.00
R1	0.24
R1	0.26
R1	0.30
R1	0.47
R1	1.00
R1	0.02
R1	0.03
R1	0.03
R1	0.12
R1	0.33
R1	0.32
R1	0.07
R2	0.07
R1	0.07
R1	0.09
R1	0.09
R2	0.14
R3	0.19
R1	0.12
R1	0.16
R1	0.16
R1	1.00
R1	0.00
R1	0.02
R1	0.03
R1	0.09
R2	0.11
R1	0.12
R1	0.09
R1	0.22
R1	0.22
R1	0.01
R1	0.04
R1	0.12
R2	0.12
R3	0.35
R1	0.19
R1	0.72
R1	0.00
R1	0.07
R1	0.12
R3	0.11
R2	0.20
R4	0.17
R5	0.19
R1	0.25
R2	0.24
R1	0.02
R1	0.03
R1	0.10
R2	0.18
R3	0.19
R1	0.14
R1	0.17
R1	0.22
R1	0.12
R1	0.24
R1	0.21
R1	1.00
R1	0.00
R1	0.01
R1	0.01
R1	0.03
R1	0.13
R1	0.15
R1	0.15
R1	0.16
R2	0.09
R3	0.09
R1	0.05
R1	0.12
R3	0.14
R1	0.13
R2	0.13
R4	0.17
R1	0.18
R1	0.23
R1	0.06
R1	0.12
R1	0.01
R1	0.00
R1	0.05
R2	0.08
R1	0.08
R1	0.09
R1	0.15
R1	0.41
R1	0.00
R1	0.06
R1	0.07
R1	0.25
R1	0.28
R1	0.22
R1	1.00
R1	1.00
R1	1.00
R1	1.00
R1	0.00
R1	0.00
R1	0.01
R1	0.01
R1	0.08
R1	0.10
R2	0.14
R4	0.12
R3	0.13
R1	0.16
R5	0.24
R2	0.14
R1	0.14
R1	0.22
R1	0.25
R1	0.30
R1	0.44
R1	0.06
R1	0.06
R1	0.16
R1	0.23
R1	1.00
R1	1.00
R1	1.00
R1	0.01
R1	0.02
R1	0.04
R1	0.08
R1	0.11
R1	0.04
R1	0.09
R1	0.17
R1	0.19
R2	0.24
R3	0.23
R5	0.23
R4	0.26
R1	0.27
R1	1.00
R1	0.09
R1	0.09
R1	0.20
R1	0.00
R1	0.02
R2	0.10
R3	0.21
R1	0.02
R1	0.08
R1	0.08
R1	0.11
R2	0.14
R1	0.14
R1	1.00
R1	0.03
R1	0.06
R1	0.00
R1	0.07
R1	0.19
R2	0.15
R1	0.15
R1	0.29
R1	0.39
R1	0.20
R1	1.00
R1	1.00
R1	0.04
R1	0.18
R1	0.18
R1	0.20
R2	0.24
R1	0.24
R1	0.37
R1	0.58
R1	0.02
R1	0.02
R1	0.05
R1	0.09
R1	0.09
R1	0.11
R1	0.12
R1	0.14
R1	0.19
R2	0.14
R1	0.04
R1	1.00
R1	1.00
R1	0.00
R1	0.03
R1	0.04
R1	0.09
R1	0.17
R1	0.21
R2	0.24
R1	0.27
R1	0.13
R1	0.07
R1	0.08
R1	0.09
R1	0.12
R3	0.13
R2	0.15
R4	0.15
R1	0.33
R1	0.34
R1	0.00
R1	0.00
R1	0.07
R1	0.10
R2	0.12
R1	0.10
R1	0.11
R1	0.00
R1	1.00
R2	0.03
R1	0.02
R1	0.01
R1	0.02
R1	0.15
R1	0.23
R1	0.21
R2	0.35
R1	0.39
R1	1.00
R1	0.02
R1	0.08
R1	0.09
R1	0.09
R1	0.16
R1	0.26
R1	0.30
R1	0.04
R1	0.10
R2	0.07
R1	0.08
R1	0.11
R1	0.12
R2	0.21
R1	0.22
R1	0.25
R6	0.27
R5	0.28
R7	0.28
R4	0.27
R1	0.29
R2	0.29
R3	0.29
R1	0.19
R1	0.00
R1	0.01
R1	0.07
R1	0.07
R1	0.11
R2	0.13
R3	0.17
R1	0.14
R2	0.14
R1	0.14
R2	0.17
R4	0.21
R1	0.30
R5	0.35
R3	0.34
R1	0.16
R2	0.16
R1	0.17
R2	0.11
R1	0.14
R1	0.17
R1	0.37
R1	0.00
R2	0.07
R1	0.01
R1	0.05
R1	0.11
R1	0.11
R1	0.20
R1	0.48
R1	0.01
R1	0.02
R2	0.25
R1	0.09
R3	0.10
R2	0.11
R1	0.11
R1	0.12
R1	0.13
R1	0.30
R1	1.00
R1	1.00
R1	1.00
R1	0.01
R1	0.07
R1	0.12
R1	0.15
R1	0.22
R2	0.07
R1	0.07
R3	0.27
R1	0.08
R1	0.12
R2	0.12
R3	0.28
R1	0.12
R1	0.15
R1	0.23
R1	1.00
R1	1.00
R1	1.00
R1	0.07
R1	0.22
R1	0.00
R1	0.00
R1	0.01
R2	0.07
R1	0.86
R1	0.15
R1	0.05
R1	1.00
R1	0.00
R1	0.01
R1	0.18
R2	0.07
R1	0.16
R1	0.03
R3	0.05
R1	0.44
R2	0.49
R1	0.07
R2	0.08
R1	0.09
R1	0.10
R1	0.12
R1	0.16
R1	0.16
R1	0.16
R2	0.06
R1	0.05
R1	0.11
R2	0.07
R1	0.09
R1	0.15
R1	0.29
R1	0.02
R1	0.04
R1	0.05
R1	0.05
R1	0.11
R1	0.12
R2	0.26
R1	0.23
R3	0.27
R1	0.19
R1	1.00
R1	1.00
R1	0.01
R1	0.04
R1	0.16
R2	0.11
R3	0.12
R2	0.14
R1	0.12
R1	0.12
R1	0.20
R1	0.15
R1	0.25
R1	0.00
R2	0.05
R1	0.06
R1	0.07
R1	0.11
R1	0.11
R1	0.17
R2	0.17
R1	0.07
R1	0.00
R1	1.00
R1	0.00
R1	0.04
R1	0.07
R2	0.09
R1	0.08
R1	0.15
R1	0.00
R1	0.11
R1	0.05
R1	0.16
R2	0.16
R1	0.17
R2	0.15
R1	0.42
R1	0.82
R1	0.29
R1	0.29
R1	0.25
R1	1.00
R1	0.01
R1	0.04
R1	0.13
R1	0.16
R1	0.13
R1	0.20
R1	0.04
R3	0.09
R2	0.10
R1	0.08
R1	0.14
R1	0.08
R1	0.02
R1	0.01
R3	0.00
R2	0.12
R1	0.19
R1	1.00
R1	1.00
R1	0.01
R1	0.08
R1	0.43
R2	0.45
R2	0.43
R1	0.43
R1	0.11
R1	0.15
R1	0.10
R1	0.19
R1	0.47
R2	0.47
R1	0.00
R1	0.06
R1	0.13
R2	0.10
R1	0.15
R1	0.16
R1	0.22
R1	0.08
R1	0.00
R1	0.01
R1	0.01
R1	0.03
R1	0.09
R1	0.13
R1	0.15
R1	0.03
R1	0.03
R1	0.03
R1	0.03
R1	0.08
R1	0.27
R1	0.05
R2	0.02
R4	0.05
R8	0.02
R6	0.05
R2	0.05
R5	0.02
R3	0.02
R7	0.07
R1	0.15
R1	0.07
R1	0.07
R1	0.11
R1	0.22
R1	0.27
R1	0.18
R1	0.47
R1	0.01
R1	0.02
R1	0.03
R1	0.12
R1	0.13
R2	0.14
R3	0.14
R1	0.22
R1	0.17
R1	0.35
R1	0.00
R2	0.04
R1	0.05
R1	0.04
R1	0.11
R1	0.17
R5	0.23
R4	0.23
R2	0.23
R3	0.24
R1	0.24
R1	0.06
R1	0.01
R1	0.02
R1	0.04
R1	0.20
R2	0.27
R1	0.27
R2	0.28
R3	0.27
R4	0.28
R1	0.32
R1	1.00
R1	1.00
R1	0.03
R1	0.04
R1	0.10
R1	0.04
R1	0.18
R1	0.25
R1	0.00
R1	0.13
R2	0.06
R1	0.07
R1	0.09
R2	0.09
R1	0.14
R1	0.00
R1	0.02
R2	0.08
R1	0.08
R3	0.19
R2	0.07
R1	0.07
R1	0.11
R1	1.00
R1	1.00
R1	1.00
R1	0.00
R1	0.09
R1	0.14
R1	0.13
R1	0.17
R1	0.22
R1	0.00
R1	0.02
R1	0.08
R1	0.20
R1	0.24
R1	0.27
R1	1.00
R1	0.01
R1	0.03
R1	0.32
R1	0.32
R1	0.43
R1	0.00
R1	0.00
R1	0.05
R1	0.01
R1	0.07
R2	0.02
R1	0.06
R1	0.10
R1	0.38
R1	1.00
R1	1.00
R1	1.00
R1	1.00
R2	0.11
R1	0.10
R1	0.03
R1	0.16
R2	0.18
R1	0.18
R1	0.34
R1	0.66
R1	0.01
R1	0.03
R1	0.08
R2	0.25
R3	0.25
R1	0.23
R1	0.23
R1	0.06
R1	1.00
R1	1.00
R1	1.00
R1	1.00
R1	0.02
R2	0.01
R1	0.01
R1	0.11
R1	0.11
R1	0.11
R1	0.17
R1	0.22
R2	0.20
R3	0.23
R4	0.21
R1	0.46
R1	0.00
R1	0.02
R1	0.11
R1	0.21
R1	0.55
R1	1.00
R1	1.00
R1	1.00
R1	1.00
R1	0.01
R1	0.10
R3	0.09
R2	0.02
R1	0.11
R1	0.22
R1	0.26
R1	0.02
R1	0.07
R1	0.08
R1	0.19
R2	0.27
R1	0.24
R1	1.00
R1	1.00
R1	1.00
R1	1.00
R1	1.00
R1	1.00
R1	1.00
R1	0.01
R1	0.02
R1	0.08
R1	0.12
R1	0.15
R1	0.07
R1	0.06
R1	0.12
R1	0.13
R2	0.19
R2	0.14
R1	0.18
R1	0.17
R1	0.19
R1	0.22
R1	0.15
R1	1.00
R1	1.00
R1	1.00
R1	1.00
R1	0.01
R2	0.05
R3	0.27
R1	0.07
R4	0.02
R2	0.13
R1	0.05
R1	0.10
R1	0.14
R1	0.17
R1	0.44
R1	0.00
R1	0.00
R2	0.11
R1	0.10
R1	1.00
R1	1.00
R1	1.00
R1	0.03
R1	0.06
R1	0.08
R3	0.17
R2	0.15
R1	0.15
R2	0.21
R1	0.21
R3	0.17
R6	0.18
R5	0.18
R7	0.18
R4	0.18
R1	0.18
R1	0.02
R1	0.06
R1	0.15
R1	0.29
R1	0.09
R1	0.22
R1	1.00
R1	0.02
R1	0.05
R2	0.11
R1	0.61
R3	0.17
R1	0.13
R2	0.12
R1	0.02
R1	0.06
R1	0.07
R1	0.18
R1	0.19
R1	0.20
R1	0.16
R2	0.17
R1	0.21
R1	0.37
R1	0.21
R1	0.57
R1	1.00
R1	1.00
R1	1.00
R1	0.04
R1	0.09
R1	0.18
R1	0.22
R2	0.23
R1	0.07
R1	0.08
R2	0.13
R1	0.13
R1	0.13
R1	0.14
R2	0.18
R1	0.12
R1	0.28
R2	0.31
R1	0.46
R1	0.74
R1	0.31
R1	0.07
R1	1.00
R1	0.01
R1	0.10
R3	0.13
R2	0.12
R1	0.28
R4	0.28
R1	0.19
R1	0.16
R1	0.17
R3	0.20
R2	0.20
R1	0.25
R1	0.18
R1	0.01
R1	0.49
R1	1.00
R1	1.00
R1	1.00
R1	1.00
R1	0.00
R1	0.00
R2	0.22
R1	0.23
R1	0.26
R3	0.28
R4	0.35
R2	0.35
R6	0.36
R5	0.35
R1	0.06
R1	0.08
R1	0.16
R1	0.20
R1	0.02
R1	0.08
R1	0.12
R1	0.14
R4	0.21
R2	0.19
R1	0.20
R5	0.27
R3	0.44
R1	0.07
R1	0.04
R1	0.12
R4	0.11
R2	0.11
R3	0.10
R5	0.06
R1	0.07
R3	0.08
R2	0.07
R4	0.18
R1	0.41
R1	0.18
R2	0.09
R2	0.16
R1	0.17
R3	0.14
R1	0.16
R2	0.17
R1	0.17
R1	0.09
R1	0.12
R1	0.15
R1	0.19
R2	0.26
R1	0.33
R1	0.24
R2	0.25
R1	0.64
R1	0.29
R1	0.08
R1	0.11
R2	0.10
R4	0.50
R3	0.49
R1	0.10
R1	0.17
R1	0.00
R3	0.16
R2	0.17
R1	0.20
R1	0.22
R1	0.24
R1	0.33
R1	0.02
R1	0.13
R1	0.02
R1	0.05
R1	0.22
R1	0.01
R2	0.11
R1	0.04
R1	1.00
R5	0.26
R3	0.26
R2	0.26
R4	0.25
R1	0.28
R7	0.29
R6	0.31
R2	0.02
R1	0.09
R1	0.07
R1	0.08
R1	0.17
R1	0.19
R2	0.21
R2	0.13
R1	0.00
R1	0.06
R1	0.19
R1	0.08
R1	1.00
R1	1.00
R1	1.00
R2	0.07
R1	0.05
R1	0.11
R1	0.12
R1	0.05
R2	0.08
R1	0.07
R1	0.07
R1	0.08
R2	0.13
R1	0.12
R3	0.10
R1	0.11
R2	0.10
R1	0.11
R2	0.20
R3	0.21
R1	0.19
R1	0.11
R3	0.00
R2	0.03
R1	0.25
R1	0.02
R1	0.03
R1	0.23
R1	1.00
R1	1.00
R1	1.00
R1	1.00
R1	0.00
R1	0.17
R1	0.17
R1	0.17
R1	0.68
R1	0.00
R2	0.07
R3	0.06
R2	0.05
R1	0.15
R1	0.07
R1	0.07
R4	0.17
R3	0.18
R1	0.15
R2	0.15
R1	0.21
R1	0.02
R2	0.00
R1	0.18
R1	0.22
R1	0.10
R1	1.00
R1	1.00
R1	0.08
R2	0.09
R1	0.09
R1	0.15
R2	0.15
R1	0.13
R1	0.12
R1	0.33
R2	0.14
R1	0.07
R1	0.35
R1	0.50
R1	0.02
R1	0.02
R1	0.04
R1	0.07
R1	0.15
R2	0.14
R1	0.18
R1	0.04
R1	0.07
R1	0.17
R1	0.00
R1	0.06
R1	0.39
R1	1.00
R1	1.00
R1	0.02
R1	0.07
R1	0.09
R2	0.12
R1	0.13
R1	0.14
R1	0.18
R1	0.00
R1	0.07
R1	0.07
R1	0.11
R1	0.14
R2	0.19
R1	0.20
R3	0.20
R1	0.00
R2	0.10
R3	0.11
R1	1.00
R1	1.00
R1	0.30
R1	0.00
R2	0.17
R1	0.04
R2	0.02
R1	0.08
R1	0.13
R1	0.08
R1	0.15
R1	0.13
R1	1.00
R1	1.00
R1	1.00
R1	1.00
R1	0.01
R1	0.05
R1	0.13
R1	0.15
R1	0.43
R1	0.22
R1	0.12
R1	0.08
R1	1.00
R1	0.01
R1	0.02
R1	0.04
R1	0.04
R1	0.07
R1	0.07
R1	0.05
R1	0.00
R3	0.05
R2	0.08
R1	0.19
R4	0.30
R1	0.17
R1	1.00
R1	1.00
R1	1.00
R1	0.12
R1	0.12
R1	0.08
R1	0.22
R2	0.23
R1	0.02
R2	0.44
R2	0.16
R1	0.02
R1	1.00
R1	1.00
R1	0.00
R1	0.04
R1	0.10
R1	0.15
R1	0.16
R1	0.02
R1	0.02
R2	0.08
R1	0.09
R1	0.09
R1	0.09
R1	0.10
R1	0.12
R1	0.15
R2	0.16
R1	0.19
R1	1.00
R1	1.00
R1	1.00
R1	1.00
R1	1.00
R1	1.00
R1	0.12
R1	0.36
R4	0.33
R1	0.38
R2	0.38
R5	0.35
R3	0.38
R6	0.32
R1	0.41
R3	0.05
R2	0.35
R1	0.31
R4	0.14
R1	0.45
R1	0.14
R1	0.40
R1	0.42
R1	0.45
R1	0.45
R1	0.45
R1	0.45
R1	0.01
R1	0.08
R1	0.12
R2	0.11
R1	0.15
R1	0.16
R1	0.07
R1	0.08
R1	0.11
R1	0.15
R2	0.16
R3	0.51
R4	0.43
R5	0.47
R3	0.19
R5	0.19
R1	0.19
R2	0.19
R4	0.20
R1	1.00
R1	1.00
R1	1.00
R1	1.00
R1	0.02
R1	0.11
R1	0.12
R1	0.30
R1	0.39
R2	0.38
R1	0.06
R2	0.20
R1	0.24
R3	0.50
R4	0.49
R1	0.23
R1	0.41
R1	0.28
R1	0.28
R2	0.48
R1	0.43
R1	0.13
R1	0.14
R1	0.17
R1	0.22
R2	0.23
R1	0.25
R2	0.32
R3	0.34
R1	0.00
R1	0.01
R1	0.14
R3	0.07
R2	0.09
R1	0.26
R1	0.12
R1	0.17
R1	1.00
R1	0.11
R1	0.13
R1	0.14
R1	0.24
R1	0.05
R1	0.08
R1	0.14
R2	0.11
R1	0.00
R1	0.27
R1	1.00
R1	0.07
R1	0.08
R1	0.16
R1	0.16
R2	0.16
R3	0.17
R1	0.11
R1	0.18
R1	0.22
R1	0.06
R1	0.09
R1	0.10
R2	0.10
R1	0.13
R1	0.14
R3	0.26
R1	0.26
R4	0.27
R2	0.30
R5	0.36
R1	0.29
R1	0.16
R1	0.39
R2	0.37
R1	0.48
R2	0.49
R1	0.04
R1	1.00
R2	0.25
R1	0.06
R8	0.16
R4	0.17
R1	0.17
R7	0.14
R5	0.14
R3	0.18
R2	0.18
R6	0.15
R1	0.19
R1	0.05
R2	0.16
R3	0.33
R1	0.00
R2	0.07
R4	0.14
R5	0.25
R6	0.26
R7	0.27
R8	0.31
R9	0.42
R3	0.01
R2	0.00
R1	0.01
R1	0.08
R1	0.12
R1	0.03
R2	0.23
R1	1.00
R1	1.00
R1	0.25
R1	0.27
